<?xml version="1.0" encoding="UTF-8"?>
<!-- Generated by org.testng.reporters.JUnitReportReporter -->
<testsuite skipped="0" hostname="Computer" name="com.telesens.fibi.SortTests" tests="2" failures="0" timestamp="2019-09-09T15:57:26 MSK" time="33.267" errors="0">
  <testcase name="testUntitledTestCase" time="15.736" classname="com.telesens.fibi.SortTests"/>
  <testcase name="testUntitledTestCase" time="17.531" classname="com.telesens.fibi.SortTests"/>
</testsuite> <!-- com.telesens.fibi.SortTests -->
