<?xml version="1.0" encoding="UTF-8"?>
<!-- Generated by org.testng.reporters.JUnitReportReporter -->
<testsuite skipped="0" hostname="Computer" name="com.telesens.automationpractice.AuthTests" tests="6" failures="0" timestamp="2019-09-03T01:27:16 MSK" time="37.582" errors="0">
  <testcase name="testAuthSuccess" time="10.829" classname="com.telesens.automationpractice.AuthTests"/>
  <testcase name="wrongPassword" time="4.076" classname="com.telesens.automationpractice.AuthTests"/>
  <testcase name="testBlankPassword" time="3.839" classname="com.telesens.automationpractice.AuthTests"/>
  <testcase name="testWrongLogin" time="3.716" classname="com.telesens.automationpractice.AuthTests"/>
  <testcase name="testBlankLogin" time="3.637" classname="com.telesens.automationpractice.AuthTests"/>
  <testcase name="testWrongPasswordAndLogin" time="11.485" classname="com.telesens.automationpractice.AuthTests"/>
</testsuite> <!-- com.telesens.automationpractice.AuthTests -->
