<?xml version="1.0" encoding="UTF-8"?>
<!-- Generated by org.testng.reporters.JUnitReportReporter -->
<testsuite skipped="0" hostname="Computer" name="com.telesens.fibi.SortTests" tests="2" failures="0" timestamp="2019-09-09T16:25:53 MSK" time="32.336" errors="0">
  <testcase name="testUntitledTestCase" time="15.029" classname="com.telesens.fibi.SortTests"/>
  <testcase name="testUntitledTestCase" time="17.307" classname="com.telesens.fibi.SortTests"/>
</testsuite> <!-- com.telesens.fibi.SortTests -->
