<?xml version="1.0" encoding="UTF-8"?>
<!-- Generated by org.testng.reporters.JUnitReportReporter -->
<testsuite skipped="0" hostname="Computer" name="com.telesens.automationpractice.AuthTests" tests="6" failures="0" timestamp="2019-09-15T20:53:07 MSK" time="35.521" errors="0">
  <testcase name="testWrongPasswordAndLogin" time="5.500" classname="com.telesens.automationpractice.AuthTests"/>
  <testcase name="testWrongPasswordAndLogin" time="4.795" classname="com.telesens.automationpractice.AuthTests"/>
  <testcase name="testWrongPasswordAndLogin" time="5.618" classname="com.telesens.automationpractice.AuthTests"/>
  <testcase name="testAuthSuccess" time="10.226" classname="com.telesens.automationpractice.AuthTests"/>
  <testcase name="testWrongPasswordAndLogin" time="4.390" classname="com.telesens.automationpractice.AuthTests"/>
  <testcase name="testWrongPasswordAndLogin" time="4.992" classname="com.telesens.automationpractice.AuthTests"/>
</testsuite> <!-- com.telesens.automationpractice.AuthTests -->
