<?xml version="1.0" encoding="UTF-8"?>
<!-- Generated by org.testng.reporters.JUnitReportReporter -->
<testsuite skipped="0" hostname="Computer" name="com.telesens.rozetka.RozetkaTests" tests="1" failures="0" timestamp="2019-09-09T15:57:26 MSK" time="34.867" errors="0">
  <testcase name="testSort" time="34.867" classname="com.telesens.rozetka.RozetkaTests"/>
</testsuite> <!-- com.telesens.rozetka.RozetkaTests -->
