<?xml version="1.0" encoding="UTF-8"?>
<!-- Generated by org.testng.reporters.JUnitReportReporter -->
<testsuite skipped="0" hostname="Computer" name="com.telesens.automationpractice.AddAddressTests" tests="2" failures="0" timestamp="2019-09-09T16:25:53 MSK" time="35.718" errors="0">
  <testcase name="testAuthSuccess" time="19.186" classname="com.telesens.automationpractice.AddAddressTests"/>
  <testcase name="testAuthSuccess" time="16.532" classname="com.telesens.automationpractice.AddAddressTests"/>
</testsuite> <!-- com.telesens.automationpractice.AddAddressTests -->
