<?xml version="1.0" encoding="UTF-8"?>
<!-- Generated by org.testng.reporters.JUnitReportReporter -->
<testsuite skipped="0" hostname="Computer" name="com.telesens.automationpractice.AddAddressTests" tests="2" failures="0" timestamp="2019-09-09T15:57:26 MSK" time="34.234" errors="0">
  <testcase name="testAuthSuccess" time="16.229" classname="com.telesens.automationpractice.AddAddressTests"/>
  <testcase name="testAuthSuccess" time="18.005" classname="com.telesens.automationpractice.AddAddressTests"/>
</testsuite> <!-- com.telesens.automationpractice.AddAddressTests -->
