<?xml version="1.0" encoding="UTF-8"?>
<!-- Generated by org.testng.reporters.JUnitReportReporter -->
<testsuite skipped="0" hostname="Computer" name="com.telesens.automationpractice.AuthTests" tests="12" failures="0" timestamp="2019-09-09T16:25:53 MSK" time="75.353" errors="0">
  <testcase name="testWrongPasswordAndLogin" time="6.688" classname="com.telesens.automationpractice.AuthTests"/>
  <testcase name="testWrongPasswordAndLogin" time="5.580" classname="com.telesens.automationpractice.AuthTests"/>
  <testcase name="testWrongPasswordAndLogin" time="5.657" classname="com.telesens.automationpractice.AuthTests"/>
  <testcase name="testAuthSuccess" time="12.305" classname="com.telesens.automationpractice.AuthTests"/>
  <testcase name="testWrongPasswordAndLogin" time="5.378" classname="com.telesens.automationpractice.AuthTests"/>
  <testcase name="testWrongPasswordAndLogin" time="5.141" classname="com.telesens.automationpractice.AuthTests"/>
  <testcase name="testWrongPasswordAndLogin" time="4.794" classname="com.telesens.automationpractice.AuthTests"/>
  <testcase name="testWrongPasswordAndLogin" time="5.634" classname="com.telesens.automationpractice.AuthTests"/>
  <testcase name="testAuthSuccess" time="10.243" classname="com.telesens.automationpractice.AuthTests"/>
  <testcase name="testWrongPasswordAndLogin" time="4.446" classname="com.telesens.automationpractice.AuthTests"/>
  <testcase name="testWrongPasswordAndLogin" time="4.644" classname="com.telesens.automationpractice.AuthTests"/>
  <testcase name="testWrongPasswordAndLogin" time="4.843" classname="com.telesens.automationpractice.AuthTests"/>
</testsuite> <!-- com.telesens.automationpractice.AuthTests -->
