<?xml version="1.0" encoding="UTF-8"?>
<!-- Generated by org.testng.reporters.JUnitReportReporter -->
<testsuite skipped="0" hostname="Computer" name="com.telesens.automationpractice.AuthTests" tests="6" failures="0" timestamp="2019-09-05T23:53:31 MSK" time="30.411" errors="0">
  <testcase name="testBlankPassword" time="3.840" classname="com.telesens.automationpractice.AuthTests"/>
  <testcase name="testAuthSuccess" time="10.668" classname="com.telesens.automationpractice.AuthTests"/>
  <testcase name="wrongPassword" time="4.044" classname="com.telesens.automationpractice.AuthTests"/>
  <testcase name="testWrongLogin" time="3.926" classname="com.telesens.automationpractice.AuthTests"/>
  <testcase name="testBlankLogin" time="4.044" classname="com.telesens.automationpractice.AuthTests"/>
  <testcase name="testWrongPasswordAndLogin" time="3.889" classname="com.telesens.automationpractice.AuthTests"/>
</testsuite> <!-- com.telesens.automationpractice.AuthTests -->
