<?xml version="1.0" encoding="UTF-8"?>
<!-- Generated by org.testng.reporters.JUnitReportReporter -->
<testsuite skipped="0" hostname="Computer" name="com.telesens.automationpractice.AuthTests" tests="12" failures="0" timestamp="2019-09-09T15:57:26 MSK" time="80.210" errors="0">
  <testcase name="testWrongPasswordAndLogin" time="6.296" classname="com.telesens.automationpractice.AuthTests"/>
  <testcase name="testWrongPasswordAndLogin" time="6.515" classname="com.telesens.automationpractice.AuthTests"/>
  <testcase name="testWrongPasswordAndLogin" time="5.908" classname="com.telesens.automationpractice.AuthTests"/>
  <testcase name="testAuthSuccess" time="12.542" classname="com.telesens.automationpractice.AuthTests"/>
  <testcase name="testWrongPasswordAndLogin" time="5.786" classname="com.telesens.automationpractice.AuthTests"/>
  <testcase name="testWrongPasswordAndLogin" time="5.184" classname="com.telesens.automationpractice.AuthTests"/>
  <testcase name="testWrongPasswordAndLogin" time="4.701" classname="com.telesens.automationpractice.AuthTests"/>
  <testcase name="testWrongPasswordAndLogin" time="6.020" classname="com.telesens.automationpractice.AuthTests"/>
  <testcase name="testAuthSuccess" time="11.834" classname="com.telesens.automationpractice.AuthTests"/>
  <testcase name="testWrongPasswordAndLogin" time="4.910" classname="com.telesens.automationpractice.AuthTests"/>
  <testcase name="testWrongPasswordAndLogin" time="5.266" classname="com.telesens.automationpractice.AuthTests"/>
  <testcase name="testWrongPasswordAndLogin" time="5.248" classname="com.telesens.automationpractice.AuthTests"/>
</testsuite> <!-- com.telesens.automationpractice.AuthTests -->
