<?xml version="1.0" encoding="UTF-8"?>
<!-- Generated by org.testng.reporters.JUnitReportReporter -->
<testsuite skipped="0" hostname="Computer" name="com.telesens.automationpractice.CategoryWomen" tests="1" failures="0" timestamp="2019-09-05T23:53:31 MSK" time="7.004" errors="0">
  <testcase name="testCategoryWomen" time="7.004" classname="com.telesens.automationpractice.CategoryWomen"/>
</testsuite> <!-- com.telesens.automationpractice.CategoryWomen -->
