<?xml version="1.0" encoding="UTF-8"?>
<!-- Generated by org.testng.reporters.JUnitReportReporter -->
<testsuite skipped="2" hostname="Computer" name="com.telesens.rozetka.RozetkaTests" tests="3" failures="0" timestamp="2019-09-12T11:00:53 MSK" time="40.721" errors="0">
  <testcase name="testFilterSecondVersion" time="40.721" classname="com.telesens.rozetka.RozetkaTests"/>
  <testcase name="testSort" classname="com.telesens.rozetka.RozetkaTests">
    <skipped/>
  </testcase> <!-- testSort -->
  <testcase name="testFilter" classname="com.telesens.rozetka.RozetkaTests">
    <skipped/>
  </testcase> <!-- testFilter -->
</testsuite> <!-- com.telesens.rozetka.RozetkaTests -->
