<?xml version="1.0" encoding="UTF-8"?>
<!-- Generated by org.testng.reporters.JUnitReportReporter -->
<testsuite skipped="0" hostname="Computer" name="com.telesens.automationpractice.CategoryWomenTests" tests="1" failures="0" timestamp="2019-09-08T06:08:54 MSK" time="6.379" errors="0">
  <testcase name="testCategoryWomen" time="6.379" classname="com.telesens.automationpractice.CategoryWomenTests"/>
</testsuite> <!-- com.telesens.automationpractice.CategoryWomenTests -->
