<?xml version="1.0" encoding="UTF-8"?>
<!-- Generated by org.testng.reporters.JUnitReportReporter -->
<testsuite skipped="0" hostname="Computer" name="com.telesens.automationpractice.CategoryWomen" tests="2" failures="0" timestamp="2019-09-06T19:38:29 MSK" time="17.640" errors="0">
  <testcase name="testCategoryWomen" time="9.957" classname="com.telesens.automationpractice.CategoryWomen"/>
  <testcase name="testCategoryWomen" time="7.683" classname="com.telesens.automationpractice.CategoryWomen"/>
</testsuite> <!-- com.telesens.automationpractice.CategoryWomen -->
