<?xml version="1.0" encoding="UTF-8"?>
<!-- Generated by org.testng.reporters.JUnitReportReporter -->
<testsuite skipped="0" hostname="Computer" name="com.telesens.automationpractice.SortTests" tests="1" failures="0" timestamp="2019-09-08T06:08:54 MSK" time="8.501" errors="0">
  <testcase name="testUntitledTestCase" time="8.501" classname="com.telesens.automationpractice.SortTests"/>
</testsuite> <!-- com.telesens.automationpractice.SortTests -->
