<?xml version="1.0" encoding="UTF-8"?>
<!-- Generated by org.testng.reporters.JUnitReportReporter -->
<testsuite skipped="2" hostname="Computer" name="com.telesens.automationpractice.AutomationpracticeTests" tests="3" failures="0" timestamp="2019-09-16T00:38:47 MSK" time="23.908" errors="0">
  <testcase name="setAdress" time="23.908" classname="com.telesens.automationpractice.AutomationpracticeTests"/>
  <testcase name="testAuthSuccess" classname="com.telesens.automationpractice.AutomationpracticeTests">
    <skipped/>
  </testcase> <!-- testAuthSuccess -->
  <testcase name="testWrongPasswordAndLogin" classname="com.telesens.automationpractice.AutomationpracticeTests">
    <skipped/>
  </testcase> <!-- testWrongPasswordAndLogin -->
</testsuite> <!-- com.telesens.automationpractice.AutomationpracticeTests -->
